--------------------------------------------------------------------------------
Release 14.7 Trace  (nt64)
Copyright (c) 1995-2013 Xilinx, Inc.  All rights reserved.

D:\NewFolder\14.7\ISE_DS\ISE\bin\nt64\unwrapped\trce.exe -intstyle ise -v 3 -s
4 -n 3 -fastpaths -xml Lab6_1.twx Lab6_1.ncd -o Lab6_1.twr Lab6_1.pcf

Design file:              Lab6_1.ncd
Physical constraint file: Lab6_1.pcf
Device,package,speed:     xc3s500e,fg320,-4 (PRODUCTION 1.27 2013-10-13)
Report level:             verbose report

Environment Variable      Effect 
--------------------      ------ 
NONE                      No environment variables were set
--------------------------------------------------------------------------------

INFO:Timing:2698 - No timing constraints found, doing default enumeration.
INFO:Timing:3412 - To improve timing, see the Timing Closure User Guide (UG612).
INFO:Timing:2752 - To get complete path coverage, use the unconstrained paths 
   option. All paths that are not constrained will be reported in the 
   unconstrained paths section(s) of the report.
INFO:Timing:3339 - The clock-to-out numbers in this timing report are based on 
   a 50 Ohm transmission line loading model.  For the details of this model, 
   and for more information on accounting for different loading conditions, 
   please see the device datasheet.
INFO:Timing:3390 - This architecture does not support a default System Jitter 
   value, please add SYSTEM_JITTER constraint to the UCF to modify the Clock 
   Uncertainty calculation.
INFO:Timing:3389 - This architecture does not support 'Discrete Jitter' and 
   'Phase Error' calculations, these terms will be zero in the Clock 
   Uncertainty calculation.  Please make appropriate modification to 
   SYSTEM_JITTER to account for the unsupported Discrete Jitter and Phase 
   Error.



Data Sheet report:
-----------------
All values displayed in nanoseconds (ns)

Pad to Pad
---------------+---------------+---------+
Source Pad     |Destination Pad|  Delay  |
---------------+---------------+---------+
A<0>           |A_eq_B         |    6.296|
A<0>           |A_gt_B         |    6.316|
A<0>           |A_lt_B         |    6.056|
A<1>           |A_eq_B         |    6.809|
A<1>           |A_gt_B         |    6.771|
A<1>           |A_lt_B         |    6.569|
B<0>           |A_eq_B         |    7.189|
B<0>           |A_gt_B         |    7.144|
B<0>           |A_lt_B         |    6.949|
B<1>           |A_eq_B         |    6.374|
B<1>           |A_gt_B         |    6.367|
B<1>           |A_lt_B         |    6.134|
---------------+---------------+---------+


Analysis completed Thu Jan 18 16:33:29 2024 
--------------------------------------------------------------------------------

Trace Settings:
-------------------------
Trace Settings 

Peak Memory Usage: 4517 MB



