Release 14.7 - xst P.20131013 (nt64)
Copyright (c) 1995-2013 Xilinx, Inc.  All rights reserved.
--> Parameter TMPDIR set to xst/projnav.tmp


Total REAL time to Xst completion: 0.00 secs
Total CPU time to Xst completion: 0.09 secs
 
--> Parameter xsthdpdir set to xst


Total REAL time to Xst completion: 0.00 secs
Total CPU time to Xst completion: 0.09 secs
 
--> Reading design: alu_topp.prj

TABLE OF CONTENTS
  1) Synthesis Options Summary
  2) HDL Compilation
  3) Design Hierarchy Analysis
  4) HDL Analysis
  5) HDL Synthesis
     5.1) HDL Synthesis Report
  6) Advanced HDL Synthesis
     6.1) Advanced HDL Synthesis Report
  7) Low Level Synthesis
  8) Partition Report
  9) Final Report
	9.1) Device utilization summary
	9.2) Partition Resource Summary
	9.3) TIMING REPORT


=========================================================================
*                      Synthesis Options Summary                        *
=========================================================================
---- Source Parameters
Input File Name                    : "alu_topp.prj"
Input Format                       : mixed
Ignore Synthesis Constraint File   : NO

---- Target Parameters
Output File Name                   : "alu_topp"
Output Format                      : NGC
Target Device                      : xc3s500e-4-fg320

---- Source Options
Top Module Name                    : alu_topp
Automatic FSM Extraction           : YES
FSM Encoding Algorithm             : Auto
Safe Implementation                : No
FSM Style                          : LUT
RAM Extraction                     : Yes
RAM Style                          : Auto
ROM Extraction                     : Yes
Mux Style                          : Auto
Decoder Extraction                 : YES
Priority Encoder Extraction        : Yes
Shift Register Extraction          : YES
Logical Shifter Extraction         : YES
XOR Collapsing                     : YES
ROM Style                          : Auto
Mux Extraction                     : Yes
Resource Sharing                   : YES
Asynchronous To Synchronous        : NO
Multiplier Style                   : Auto
Automatic Register Balancing       : No

---- Target Options
Add IO Buffers                     : YES
Global Maximum Fanout              : 100000
Add Generic Clock Buffer(BUFG)     : 24
Register Duplication               : YES
Slice Packing                      : YES
Optimize Instantiated Primitives   : NO
Use Clock Enable                   : Yes
Use Synchronous Set                : Yes
Use Synchronous Reset              : Yes
Pack IO Registers into IOBs        : Auto
Equivalent register Removal        : YES

---- General Options
Optimization Goal                  : Speed
Optimization Effort                : 1
Keep Hierarchy                     : No
Netlist Hierarchy                  : As_Optimized
RTL Output                         : Yes
Global Optimization                : AllClockNets
Read Cores                         : YES
Write Timing Constraints           : NO
Cross Clock Analysis               : NO
Hierarchy Separator                : /
Bus Delimiter                      : <>
Case Specifier                     : Maintain
Slice Utilization Ratio            : 100
BRAM Utilization Ratio             : 100
Verilog 2001                       : YES
Auto BRAM Packing                  : NO
Slice Utilization Ratio Delta      : 5

=========================================================================


=========================================================================
*                          HDL Compilation                              *
=========================================================================
Compiling verilog file "alu4_modules.v" in library work
Module <mux2_4> compiled
Module <mux3_8> compiled
Module <add4> compiled
Module <sub4> compiled
Compiling verilog file "alu_top.v" in library work
Module <mul4> compiled
Module <alu_topp> compiled
No errors in compilation
Analysis of file <"alu_topp.prj"> succeeded.
 

=========================================================================
*                     Design Hierarchy Analysis                         *
=========================================================================
Analyzing hierarchy for module <alu_topp> in library <work>.

Analyzing hierarchy for module <mux2_4> in library <work>.

Analyzing hierarchy for module <add4> in library <work>.

Analyzing hierarchy for module <sub4> in library <work>.

Analyzing hierarchy for module <mul4> in library <work>.

Analyzing hierarchy for module <mux3_8> in library <work>.


=========================================================================
*                            HDL Analysis                               *
=========================================================================
Analyzing top module <alu_topp>.
Module <alu_topp> is correct for synthesis.
 
Analyzing module <mux2_4> in library <work>.
Module <mux2_4> is correct for synthesis.
 
Analyzing module <add4> in library <work>.
Module <add4> is correct for synthesis.
 
Analyzing module <sub4> in library <work>.
Module <sub4> is correct for synthesis.
 
Analyzing module <mul4> in library <work>.
Module <mul4> is correct for synthesis.
 
Analyzing module <mux3_8> in library <work>.
Module <mux3_8> is correct for synthesis.
 

=========================================================================
*                           HDL Synthesis                               *
=========================================================================

Performing bidirectional port resolution...

Synthesizing Unit <mux2_4>.
    Related source file is "alu4_modules.v".
Unit <mux2_4> synthesized.


Synthesizing Unit <add4>.
    Related source file is "alu4_modules.v".
    Found 4-bit adder carry out for signal <sum$addsub0000> created at line 36.
    Summary:
	inferred   1 Adder/Subtractor(s).
Unit <add4> synthesized.


Synthesizing Unit <sub4>.
    Related source file is "alu4_modules.v".
    Found 6-bit subtractor for signal <diff$sub0000> created at line 39.
    Summary:
	inferred   1 Adder/Subtractor(s).
Unit <sub4> synthesized.


Synthesizing Unit <mul4>.
    Related source file is "alu4_modules.v".
    Found 4x4-bit multiplier for signal <prod>.
    Summary:
	inferred   1 Multiplier(s).
Unit <mul4> synthesized.


Synthesizing Unit <mux3_8>.
    Related source file is "alu4_modules.v".
    Found 8-bit 3-to-1 multiplexer for signal <out>.
    Summary:
	inferred   8 Multiplexer(s).
Unit <mux3_8> synthesized.


Synthesizing Unit <alu_topp>.
    Related source file is "alu_top.v".
Unit <alu_topp> synthesized.


=========================================================================
HDL Synthesis Report

Macro Statistics
# Multipliers                                          : 1
 4x4-bit multiplier                                    : 1
# Adders/Subtractors                                   : 2
 4-bit adder carry out                                 : 1
 6-bit subtractor                                      : 1
# Multiplexers                                         : 1
 8-bit 3-to-1 multiplexer                              : 1

=========================================================================

=========================================================================
*                       Advanced HDL Synthesis                          *
=========================================================================


=========================================================================
Advanced HDL Synthesis Report

Macro Statistics
# Multipliers                                          : 1
 4x4-bit multiplier                                    : 1
# Adders/Subtractors                                   : 2
 4-bit adder carry out                                 : 1
 6-bit subtractor                                      : 1
# Multiplexers                                         : 1
 8-bit 3-to-1 multiplexer                              : 1

=========================================================================

=========================================================================
*                         Low Level Synthesis                           *
=========================================================================
WARNING:Xst:1989 - Unit <alu_topp>: instances <adder_mux>, <sub_mux> of unit <mux2_4> are equivalent, second instance is removed

Optimizing unit <alu_topp> ...

Mapping all equations...
Building and optimizing final netlist ...
Found area constraint ratio of 100 (+ 5) on block alu_topp, actual ratio is 0.

Final Macro Processing ...

=========================================================================
Final Register Report

Found no macro
=========================================================================

=========================================================================
*                           Partition Report                            *
=========================================================================

Partition Implementation Status
-------------------------------

  No Partitions were found in this design.

-------------------------------

=========================================================================
*                            Final Report                               *
=========================================================================
Final Results
RTL Top Level Output File Name     : alu_topp.ngr
Top Level Output File Name         : alu_topp
Output Format                      : NGC
Optimization Goal                  : Speed
Keep Hierarchy                     : No

Design Statistics
# IOs                              : 19

Cell Usage :
# BELS                             : 30
#      GND                         : 1
#      LUT3                        : 10
#      LUT4                        : 17
#      MUXF5                       : 2
# IO Buffers                       : 19
#      IBUF                        : 11
#      OBUF                        : 8
# MULTs                            : 1
#      MULT18X18SIO                : 1
=========================================================================

Device utilization summary:
---------------------------

Selected Device : 3s500efg320-4 

 Number of Slices:                       15  out of   4656     0%  
 Number of 4 input LUTs:                 27  out of   9312     0%  
 Number of IOs:                          19
 Number of bonded IOBs:                  19  out of    232     8%  
 Number of MULT18X18SIOs:                 1  out of     20     5%  

---------------------------
Partition Resource Summary:
---------------------------

  No Partitions were found in this design.

---------------------------


=========================================================================
TIMING REPORT

NOTE: THESE TIMING NUMBERS ARE ONLY A SYNTHESIS ESTIMATE.
      FOR ACCURATE TIMING INFORMATION PLEASE REFER TO THE TRACE REPORT
      GENERATED AFTER PLACE-and-ROUTE.

Clock Information:
------------------
No clock signals found in this design

Asynchronous Control Signals Information:
----------------------------------------
No asynchronous control signals found in this design

Timing Summary:
---------------
Speed Grade: -4

   Minimum period: No path found
   Minimum input arrival time before clock: No path found
   Maximum output required time after clock: No path found
   Maximum combinational path delay: 12.950ns

Timing Detail:
--------------
All values displayed in nanoseconds (ns)

=========================================================================
Timing constraint: Default path analysis
  Total number of paths / destination ports: 224 / 8
-------------------------------------------------------------------------
Delay:               12.950ns (Levels of Logic = 8)
  Source:            f<0> (PAD)
  Destination:       r<4> (PAD)

  Data Path: f<0> to r<4>
                                Gate     Net
    Cell:in->out      fanout   Delay   Delay  Logical Name (Net Name)
    ----------------------------------------  ------------
     IBUF:I->O            11   1.218   1.012  f_0_IBUF (f_0_IBUF)
     LUT3:I1->O            3   0.704   0.610  our_subtracer/Msub_diff_sub0000_lut<0>1 (our_subtracer/Msub_diff_sub0000_lut<0>)
     LUT4:I1->O            2   0.704   0.451  output_mux/Mmux_out6111 (N4)
     LUT4:I3->O            2   0.704   0.482  output_mux/Mmux_out811 (N01)
     LUT4:I2->O            4   0.704   0.666  output_mux/Mmux_out101_SW1 (N26)
     LUT3:I1->O            1   0.704   0.595  output_mux/Mmux_out101 (N5)
     LUT4:I0->O            1   0.704   0.420  output_mux/Mmux_out10 (r_4_OBUF)
     OBUF:I->O                 3.272          r_4_OBUF (r<4>)
    ----------------------------------------
    Total                     12.950ns (8.714ns logic, 4.236ns route)
                                       (67.3% logic, 32.7% route)

=========================================================================


Total REAL time to Xst completion: 4.00 secs
Total CPU time to Xst completion: 3.60 secs
 
--> 

Total memory usage is 4514668 kilobytes

Number of errors   :    0 (   0 filtered)
Number of warnings :    3 (   0 filtered)
Number of infos    :    0 (   0 filtered)

